2018-02-28 21:30:51 - DATABASE_ERROR - <hr><pre>Query:
create table if not exists b_adv_banner_2_day
(
	DATE_STAT date not null default '0000-00-00',
	BANNER_ID int(18) not null default '0',
	SHOW_COUNT int(18) not null default '0',
	CLICK_COUNT int(18) not null default '0',
	VISITOR_COUNT int(18) not null default '0',
	primary key (BANNER_ID, DATE_STAT)
)

Error:
<font color=red>[1067] Invalid default value for 'DATE_STAT'!</font></pre>
2018-02-28 21:31:26 - DATABASE_ERROR - For the correct functioning of the module the PHP with LDAP module should be installed. Please contact your system administrator.
2018-02-28 21:31:50 - DATABASE_ERROR - <hr><pre>Query:
create table if not exists b_ticket_supercoupons (
  ID int(10) unsigned NOT NULL auto_increment,
  COUNT_TICKETS int(11) NOT NULL default '0',
  COUPON varchar(255) NOT NULL default '',
  TIMESTAMP_X datetime NOT NULL default '0000-00-00 00:00:00',
  DATE_CREATE datetime NOT NULL default '0000-00-00 00:00:00',
  CREATED_USER_ID int(11) default NULL,
  UPDATED_USER_ID int(11) default NULL,
  ACTIVE char(1) NOT NULL default 'Y',
  ACTIVE_FROM date default NULL,
  ACTIVE_TO date default NULL,
  SLA_ID int(11) default NULL,
  COUNT_USED int(11) NOT NULL default '0',
  PRIMARY KEY  (ID),
  UNIQUE KEY IX_COUPON (COUPON)
)

Error:
<font color=red>[1067] Invalid default value for 'TIMESTAMP_X'!</font></pre> <hr><pre>Query:
create table if not exists b_ticket_supercoupons_log (
  TIMESTAMP_X datetime NOT NULL default '0000-00-00 00:00:00',
  COUPON_ID int(11) NOT NULL default '0',
  USER_ID int(11) default NULL,
  SUCCESS char(1) NOT NULL default 'N',
  AFTER_COUNT int(11) NOT NULL default '0',
  SESSION_ID int(11) default NULL,
  GUEST_ID int(11) default NULL,
  AFFECTED_ROWS int(11) default NULL,
  COUPON varchar(255) default NULL,
  KEY IX_COUPON_ID (COUPON_ID)
)

Error:
<font color=red>[1067] Invalid default value for 'TIMESTAMP_X'!</font></pre>
