2018-Mar-02 12:28:37 Required PHP Modules (check_php_modules): Ok
All required modules are installed.
2018-Mar-02 12:28:37 PHP Required Parameters (check_php_settings): Ok
Settings are correct
2018-Mar-02 12:28:37 Web server modules (check_security): Ok
No conflicts.
2018-Mar-02 12:28:38 Server Variables (check_server_vars): Ok
Correct
2018-Mar-02 12:28:38 Session retention (check_session): Ok
50% done
2018-Mar-02 12:28:39 Session retention (check_session): Ok
Success
2018-Mar-02 12:28:39 UTF configuration parameters (mbstring and BX_UTF) (check_mbstring): Ok
Correct. The website runs in single byte encoding
2018-Mar-02 12:28:39 Service scripts in the site root (check_install_scripts): Ok
None
2018-Mar-02 12:28:40 Using sockets (check_socket): Ok
Connection to crmdev.ventequity.com:80	Success

Success
2018-Mar-02 12:28:40 Use cron to run agents (check_bx_crontab): Warning
Warning. The system agents are run on hits. Migrate the agents to cron.
2018-Mar-02 12:28:41 Database connection parameters (check_dbconn_settings): Ok
Success
2018-Mar-02 12:28:41 Redundant output in configuration files (check_dbconn): Ok
Connection to crmdev.ventequity.com:80	Success

Success
2018-Mar-02 12:28:41 Session retention without UserAgent (check_session_ua): Ok
50% done
Connection to crmdev.ventequity.com:80	Success

2018-Mar-02 12:28:42 Session retention without UserAgent (check_session_ua): Ok
Connection to crmdev.ventequity.com:80	Success

Success
2018-Mar-02 12:28:42 Website Parameters (check_sites): Ok
Correct
2018-Mar-02 12:28:43 Passing objects by reference (check_clone): Ok
Success
2018-Mar-02 12:28:43 Stack size; pcre.recursion_limit (check_pcre_recursion): Warning
Connection to crmdev.ventequity.com:80	Success

Warning. Long text strings may be handled incorrectly due to system restrictions.
2018-Mar-02 12:28:43 File upload (check_upload): Ok
Connection to crmdev.ventequity.com:80	Success

Success
2018-Mar-02 12:28:44 Upload files over 4MB (check_upload_big): Fail
Connection to crmdev.ventequity.com:80	Success
== Request ==
POST /bitrix/admin/site_checker.php?test_type=upload_test&unique_id=34e481e5a79d0bdbcda1802cba0fce9b&big=1&raw=0 HTTP/1.1
Host: crmdev.ventequity.com
Content-Type: multipart/form-data; boundary=--------05aff07070c820618a75033d0afd0141
Content-Length: 4200195

----------05aff07070c820618a75033d0afd0141
Content-Disposition: form-data; name="test_file"; filename="site_checker.bin
Content-Type: image/gif

()*+,-./0123456789:;<=>?@ABCDEFGHIJKLMNOPQRSTUVWXYZ[\]^_`abcdefghijklmnopqrstuvwxyz{|}~€‚ƒ„…†‡ˆ‰Š‹Œ‘’“”•–—˜™š›œŸ ¡¢£¤¥¦§¨©ª«¬­®¯°±²³´µ¶·¸¹º»¼½¾¿ÀÁÂÃÄÅÆÇÈÉÊËÌÍÎÏĞÑÒÓÔÕÖ×ØÙÚÛÜİŞßàáâãäåæçèéêëìíîï()*+,-./0123456789:;<=>?@ABCDEFGHIJKLMNOPQRSTUVWXYZ[\]^_`abcdefghijklmnopqrstuvwxyz{|}~€‚ƒ„…†‡ˆ‰Š‹Œ‘’“”•–—˜™š›œŸ ¡¢£¤¥¦§¨©ª«¬­®¯°±²³´µ¶·¸¹º»¼½¾¿ÀÁÂÃÄÅÆÇÈÉÊËÌÍÎÏĞÑÒÓÔÕÖ×ØÙÚÛÜİŞßàáâãäåæçèéêëìíîï()*+,-./0123456789:;<=>?@ABCDEFGHIJKLMNOPQRSTUVWXYZ[\]^_`abcdefghijklmnopqrstuvwxyz{|}~€‚ƒ„…†‡ˆ‰Š‹Œ‘’“”•–—˜™š›œŸ ¡¢£¤¥¦§¨©ª«¬­®¯°±²³´µ¶·¸¹º»¼½¾¿ÀÁÂÃÄÅÆÇÈÉÊËÌÍÎÏĞÑÒÓÔÕÖ×ØÙÚÛÜİŞßàá ... (4200460 bytes)
== Response ==
HTTP/1.1 200 OK
Date: Fri, 02 Mar 2018 01:28:44 GMT
Server: Apache/2.4.18 (Ubuntu)
Vary: Accept-Encoding
Content-Length: 287
Content-Type: text/html; charset=UTF-8

== Body ==
move_uploaded_file(,/home/code/bitrix.ventequity/bitrix/tmp/site_checker.bin)=false
$_FILES=
Array
(
    [test_file] => Array
        (
            [name] => site_checker.bin
            [type] => 
            [tmp_name] => 
            [error] => 1
            [size] => 0
        )

)

==========

Error! The test has failed to complete.
2018-Mar-02 12:28:44 Upload file using php://input (check_upload_raw): Ok
Connection to crmdev.ventequity.com:80	Success

Success
2018-Mar-02 12:28:45 POST requests with many parameters (check_post): Ok
Connection to crmdev.ventequity.com:80	Success

Success
2018-Mar-02 12:28:45 E-mail sending (check_mail): Fail
Error! The test has failed to complete.
2018-Mar-02 12:28:45 Large e-mail sending (over 64 KB) (check_mail_big): Fail
Error! The test has failed to complete.
2018-Mar-02 12:28:46 Check for unsent messages (check_mail_b_event): Ok
Success
2018-Mar-02 12:28:46 Local redirects (LocalRedirect function) (check_localredirect): Ok
50% done
Connection to crmdev.ventequity.com:80	Success

2018-Mar-02 12:28:47 Local redirects (LocalRedirect function) (check_localredirect): Ok
Connection to crmdev.ventequity.com:80	Success

Success
2018-Mar-02 12:28:47 Memory limit (check_memory_limit): Ok
20% done
Connection to crmdev.ventequity.com:80	Success

2018-Mar-02 12:28:47 Memory limit (check_memory_limit): Ok
40% done
Connection to crmdev.ventequity.com:80	Success

2018-Mar-02 12:28:48 Memory limit (check_memory_limit): Ok
60% done
Connection to crmdev.ventequity.com:80	Success

2018-Mar-02 12:28:49 Memory limit (check_memory_limit): Ok
80% done
Connection to crmdev.ventequity.com:80	Success

2018-Mar-02 12:28:49 Memory limit (check_memory_limit): Ok
Connection to crmdev.ventequity.com:80	Success

Not less than 256 M.
2018-Mar-02 12:28:50 Using cache files (check_cache): Ok
Success
2018-Mar-02 12:28:55 Access to update server (check_update): Ok
Success
2018-Mar-02 12:28:55 HTTP authorization (check_http_auth): Ok
Connection to crmdev.ventequity.com:80	Success

Success
2018-Mar-02 12:28:55 File creation and execution (check_exec): Ok
Connection to crmdev.ventequity.com:80	Success

Success
2018-Mar-02 12:28:56 getimagesize support for SWF (check_getimagesize): Ok
Success
2018-Mar-02 12:28:56 MySQL version (check_mysql_bug_version): Ok
Success
2018-Mar-02 12:28:58 Database and web server times (check_mysql_time): Fail
Error! The time is off by 10800 seconds.
2018-Mar-02 12:28:58 MySQL Mode (check_mysql_mode): Fail
Error! The sql_mode variable in MySQL must be empty. Current value: ONLY_FULL_GROUP_BY,STRICT_TRANS_TABLES,NO_ZERO_IN_DATE,NO_ZERO_DATE,ERROR_FOR_DIVISION_BY_ZERO,NO_AUTO_CREATE_USER,NO_ENGINE_SUBSTITUTION
2018-Mar-02 12:28:58 Connection charset (check_mysql_connection_charset): Ok
character_set_connection=latin1, collation_connection=latin1_swedish_ci, character_set_results=latin1
Success
2018-Mar-02 12:28:59 Database charset (check_mysql_db_charset): Ok
CHARSET=latin1, COLLATION=latin1_swedish_ci
Success
2018-Mar-02 12:29:00 Database table charset (check_mysql_table_charset): Ok
Success
2018-Mar-02 12:29:00 Database structure (check_mysql_table_structure): Ok
0% done
2018-Mar-02 12:29:01 Database structure (check_mysql_table_structure): Ok
1% done
2018-Mar-02 12:29:01 Database structure (check_mysql_table_structure): Ok
3% done
2018-Mar-02 12:29:03 Database structure (check_mysql_table_structure): Ok
4% done
2018-Mar-02 12:29:04 Database structure (check_mysql_table_structure): Ok
6% done
2018-Mar-02 12:29:04 Database structure (check_mysql_table_structure): Ok
8% done
2018-Mar-02 12:29:05 Database structure (check_mysql_table_structure): Ok
9% done
2018-Mar-02 12:29:05 Database structure (check_mysql_table_structure): Ok
11% done
2018-Mar-02 12:29:06 Database structure (check_mysql_table_structure): Ok
12% done
2018-Mar-02 12:29:06 Database structure (check_mysql_table_structure): Ok
14% done
2018-Mar-02 12:29:08 Database structure (check_mysql_table_structure): Ok
16% done
2018-Mar-02 12:29:09 Database structure (check_mysql_table_structure): Ok
17% done
2018-Mar-02 12:29:10 Database structure (check_mysql_table_structure): Ok
19% done
2018-Mar-02 12:29:10 Database structure (check_mysql_table_structure): Ok
20% done
2018-Mar-02 12:29:11 Database structure (check_mysql_table_structure): Ok
22% done
2018-Mar-02 12:29:11 Database structure (check_mysql_table_structure): Ok
24% done
2018-Mar-02 12:29:12 Database structure (check_mysql_table_structure): Ok
25% done
2018-Mar-02 12:29:12 Database structure (check_mysql_table_structure): Ok
27% done
2018-Mar-02 12:29:13 Database structure (check_mysql_table_structure): Ok
29% done
2018-Mar-02 12:29:13 Database structure (check_mysql_table_structure): Ok
30% done
2018-Mar-02 12:29:14 Database structure (check_mysql_table_structure): Ok
32% done
2018-Mar-02 12:29:14 Database structure (check_mysql_table_structure): Ok
33% done
2018-Mar-02 12:29:15 Database structure (check_mysql_table_structure): Ok
35% done
2018-Mar-02 12:29:15 Database structure (check_mysql_table_structure): Ok
37% done
2018-Mar-02 12:29:16 Database structure (check_mysql_table_structure): Ok
38% done
2018-Mar-02 12:29:16 Database structure (check_mysql_table_structure): Ok
40% done
2018-Mar-02 12:29:17 Database structure (check_mysql_table_structure): Ok
41% done
2018-Mar-02 12:29:17 Database structure (check_mysql_table_structure): Ok
43% done
2018-Mar-02 12:29:18 Database structure (check_mysql_table_structure): Ok
45% done
2018-Mar-02 12:29:18 Database structure (check_mysql_table_structure): Ok
46% done
2018-Mar-02 12:29:19 Database structure (check_mysql_table_structure): Ok
48% done
2018-Mar-02 12:29:19 Database structure (check_mysql_table_structure): Ok
50% done
2018-Mar-02 12:29:19 Database structure (check_mysql_table_structure): Ok
51% done
2018-Mar-02 12:29:20 Database structure (check_mysql_table_structure): Ok
53% done
2018-Mar-02 12:29:20 Database structure (check_mysql_table_structure): Ok
54% done
2018-Mar-02 12:29:21 Database structure (check_mysql_table_structure): Ok
56% done
2018-Mar-02 12:29:22 Database structure (check_mysql_table_structure): Ok
58% done
2018-Mar-02 12:29:22 Database structure (check_mysql_table_structure): Ok
59% done
2018-Mar-02 12:29:23 Database structure (check_mysql_table_structure): Ok
61% done
2018-Mar-02 12:29:23 Database structure (check_mysql_table_structure): Ok
62% done
2018-Mar-02 12:29:24 Database structure (check_mysql_table_structure): Ok
64% done
2018-Mar-02 12:29:24 Database structure (check_mysql_table_structure): Ok
66% done
2018-Mar-02 12:29:25 Database structure (check_mysql_table_structure): Ok
67% done
2018-Mar-02 12:29:25 Database structure (check_mysql_table_structure): Ok
69% done
2018-Mar-02 12:29:26 Database structure (check_mysql_table_structure): Ok
70% done
2018-Mar-02 12:29:26 Database structure (check_mysql_table_structure): Ok
72% done
2018-Mar-02 12:29:28 Database structure (check_mysql_table_structure): Ok
74% done
2018-Mar-02 12:29:29 Database structure (check_mysql_table_structure): Ok
75% done
2018-Mar-02 12:29:29 Database structure (check_mysql_table_structure): Ok
77% done
2018-Mar-02 12:29:30 Database structure (check_mysql_table_structure): Ok
79% done
2018-Mar-02 12:29:31 Database structure (check_mysql_table_structure): Ok
80% done
2018-Mar-02 12:29:31 Database structure (check_mysql_table_structure): Ok
82% done
2018-Mar-02 12:29:32 Database structure (check_mysql_table_structure): Ok
83% done
2018-Mar-02 12:29:32 Database structure (check_mysql_table_structure): Ok
85% done
2018-Mar-02 12:29:33 Database structure (check_mysql_table_structure): Ok
87% done
2018-Mar-02 12:29:33 Database structure (check_mysql_table_structure): Ok
88% done
2018-Mar-02 12:29:34 Database structure (check_mysql_table_structure): Ok
90% done
2018-Mar-02 12:29:34 Database structure (check_mysql_table_structure): Ok
91% done
2018-Mar-02 12:29:35 Database structure (check_mysql_table_structure): Ok
93% done
2018-Mar-02 12:29:36 Database structure (check_mysql_table_structure): Ok
95% done
2018-Mar-02 12:29:37 Database structure (check_mysql_table_structure): Ok
96% done
2018-Mar-02 12:29:37 Database structure (check_mysql_table_structure): Ok
98% done
2018-Mar-02 12:29:38 Database structure (check_mysql_table_structure): Ok
Success
